Step: dlldump completed
Step: crashinfo completed
Step: bioskbd completed
Step: bigpools completed
Step: cmdscan completed
Step: dlllist completed
Step: auditpol completed
Step: apihooks completed
Step: callbacks completed
Step: atomscan completed
Step: deskscan completed
Step: devicetree completed
Step: consoles completed
Step: amcache completed
Step: atoms completed
Step: connections completed
Step: cachedump completed
Step: cmdline completed
Step: connscan completed
Step: clipboard completed
Step: drivermodule completed
Step: driverirp completed
Step: driverscan completed
Step: dumpfiles completed
Step: dumpregistry completed
Step: dumpcerts completed
Step: editbox completed
Step: evtlogs completed
Step: envars completed
Step: hpakinfo completed
Step: hpakextract completed
Step: handles completed
Step: gahti completed
Step: imagecopy completed
Step: gdt completed
Step: hivelist completed
Step: hivedump completed
Step: iehistory completed
Step: joblinks completed
Step: getservicesids completed
Step: eventhooks completed
Step: machoinfo completed
Step: gditimers completed
Step: hashdump completed
Step: kpcrscan completed
Step: filescan completed
Step: hibinfo completed
Step: memdump completed
Step: getsids completed
Step: hivescan completed
Step: idt completed
Step: malfind completed
Step: impscan completed
Step: lsadump completed
Step: ldrmodules completed
Step: mbrparser completed
Step: moddump completed
Step: messagehooks completed
Step: memmap completed
Step: patcher completed
Step: procdump completed
Step: objtypescan completed
Step: poolpeek completed
Step: modscan completed
Step: psscan completed
Step: modules completed
Step: pstree completed
Step: raw2dmp completed
Step: screenshot completed
Step: qemuinfo completed
Step: multiscan completed
Step: psxview completed
Step: sessions completed
Step: notepad completed
Step: shellbags completed
Step: printkey completed
Step: mutantscan completed
Step: privs completed
Step: strings completed
Step: pslist completed
Step: ssdt completed
Step: sockets completed
Step: kdbgscan completed
Step: servicediff completed
Step: symlinkscan completed
Step: shimcache completed
Error running mftparser: list index out of range
Step: shutdowntime completed
Step: thrdscan completed
Step: threads completed
Step: sockscan completed
Step: svcscan completed
Step: timers completed
Step: truecryptsummary completed
Step: userhandles completed
Step: truecryptmaster completed
Step: userassist completed
Step: timeliner completed
Step: vmwareinfo completed
Step: vboxinfo completed
Step: truecryptpassphrase completed
Step: vaddump completed
Step: unloadedmodules completed
Step: vadtree completed
Step: imageinfo completed
Step: vadwalk completed
Step: verinfo completed
Step: vadinfo completed
Step: wintree completed
Step: windows completed
Step: volshell completed
Step: wndscan completed
